<?xml version="1.0" encoding="UTF-8"?>
<!-- Generated by org.testng.reporters.JUnitReportReporter -->
<testsuite hostname="amit" failures="0" tests="2" name="TestNG_Programs.Test3" time="0.023" errors="0" timestamp="2024-06-16T23:18:10 IST" skipped="0">
  <testcase classname="TestNG_Programs.Test3" name="logout" time="0.004"/>
  <system-out/>
  <testcase classname="TestNG_Programs.Test3" name="login" time="0.019"/>
  <system-out/>
</testsuite> <!-- TestNG_Programs.Test3 -->
