<?xml version="1.0" encoding="UTF-8"?>
<!-- Generated by org.testng.reporters.JUnitReportReporter -->
<testsuite hostname="amit" failures="0" tests="2" name="TestNG_Programs.BeforeAfterTest" time="0.016" errors="0" timestamp="2024-06-10T09:32:05 IST" skipped="0">
  <testcase classname="TestNG_Programs.BeforeAfterTest" name="Beforeclass" time="0.011"/>
  <system-out/>
  <testcase classname="TestNG_Programs.BeforeAfterTest" name="test1" time="0.005"/>
  <system-out/>
</testsuite> <!-- TestNG_Programs.BeforeAfterTest -->
