<?xml version="1.0" encoding="UTF-8"?>
<!-- Generated by org.testng.reporters.JUnitReportReporter -->
<testsuite hostname="amit" failures="0" tests="3" name="TestNG_Programs.FirstTestngprogram" time="0.013" errors="0" timestamp="2024-06-09T15:32:37 IST" skipped="0">
  <testcase classname="TestNG_Programs.FirstTestngprogram" name="setup" time="0.006"/>
  <system-out/>
  <testcase classname="TestNG_Programs.FirstTestngprogram" name="login" time="0.003"/>
  <system-out/>
  <testcase classname="TestNG_Programs.FirstTestngprogram" name="close" time="0.004"/>
  <system-out/>
</testsuite> <!-- TestNG_Programs.FirstTestngprogram -->
