<?xml version="1.0" encoding="UTF-8"?>
<!-- Generated by org.testng.reporters.JUnitReportReporter -->
<testsuite hostname="amit" failures="0" tests="1" name="Assertions.AsserionCondition" time="0.022" errors="0" timestamp="2024-09-13T15:15:00 IST" skipped="0">
  <testcase classname="Assertions.AsserionCondition" name="Testtitle" time="0.022"/>
  <system-out/>
</testsuite> <!-- Assertions.AsserionCondition -->
