<?xml version="1.0" encoding="UTF-8"?>
<!-- Generated by org.testng.reporters.JUnitReportReporter -->
<testsuite hostname="amit" failures="0" tests="1" name="Assertions.AssertionAlongWithCon" time="0.022" errors="0" timestamp="2024-09-13T17:27:14 IST" skipped="0">
  <testcase classname="Assertions.AssertionAlongWithCon" name="Testtitle" time="0.022"/>
  <system-out/>
</testsuite> <!-- Assertions.AssertionAlongWithCon -->
