<?xml version="1.0" encoding="UTF-8"?>
<!-- Generated by org.testng.reporters.JUnitReportReporter -->
<testsuite hostname="amit" failures="0" tests="3" name="TestNG_Programs.TC1_BeforeMethod" time="0.020" errors="0" timestamp="2024-06-09T15:32:37 IST" skipped="0">
  <testcase classname="TestNG_Programs.TC1_BeforeMethod" name="test1" time="0.008"/>
  <system-out/>
  <testcase classname="TestNG_Programs.TC1_BeforeMethod" name="test2" time="0.005"/>
  <system-out/>
  <testcase classname="TestNG_Programs.TC1_BeforeMethod" name="test3" time="0.007"/>
  <system-out/>
</testsuite> <!-- TestNG_Programs.TC1_BeforeMethod -->
