<?xml version="1.0" encoding="UTF-8"?>
<!-- Generated by org.testng.reporters.JUnitReportReporter -->
<testsuite hostname="amit" failures="0" tests="3" name="TestNG_Programs.TestNGxml" time="0.038" errors="0" timestamp="2024-06-09T01:16:24 IST" skipped="0">
  <testcase classname="TestNG_Programs.TestNGxml" name="close" time="0.023"/>
  <system-out/>
  <testcase classname="TestNG_Programs.TestNGxml" name="login" time="0.009"/>
  <system-out/>
  <testcase classname="TestNG_Programs.TestNGxml" name="setup" time="0.006"/>
  <system-out/>
</testsuite> <!-- TestNG_Programs.TestNGxml -->
