<?xml version="1.0" encoding="UTF-8"?>
<!-- Generated by org.testng.reporters.JUnitReportReporter -->
<testsuite hostname="amit" failures="0" tests="2" name="TestNG_Programs.TestCase2" time="0.006" errors="0" timestamp="2024-06-09T15:32:37 IST" skipped="0">
  <testcase classname="TestNG_Programs.TestCase2" name="test2" time="0.002"/>
  <system-out/>
  <testcase classname="TestNG_Programs.TestCase2" name="test3" time="0.004"/>
  <system-out/>
</testsuite> <!-- TestNG_Programs.TestCase2 -->
