<?xml version="1.0" encoding="UTF-8"?>
<!-- Generated by org.testng.reporters.JUnitReportReporter -->
<testsuite hostname="amit" failures="0" tests="2" name="TestNG_Programs.TestCase1" time="0.035" errors="0" timestamp="2024-06-09T15:32:37 IST" skipped="0">
  <testcase classname="TestNG_Programs.TestCase1" name="search" time="0.028"/>
  <system-out/>
  <testcase classname="TestNG_Programs.TestCase1" name="valid" time="0.007"/>
  <system-out/>
</testsuite> <!-- TestNG_Programs.TestCase1 -->
