<?xml version="1.0" encoding="UTF-8"?>
<!-- Generated by org.testng.reporters.JUnitReportReporter -->
<testsuite hostname="amit" failures="0" tests="3" name="TestNG_Programs.Annotation" time="0.041" errors="0" timestamp="2024-09-13T12:16:12 IST" skipped="0">
  <testcase classname="TestNG_Programs.Annotation" name="Annotation" time="0.021"/>
  <system-out/>
  <testcase classname="TestNG_Programs.Annotation" name="test2" time="0.012"/>
  <system-out/>
  <testcase classname="TestNG_Programs.Annotation" name="test3" time="0.008"/>
  <system-out/>
</testsuite> <!-- TestNG_Programs.Annotation -->
