<?xml version="1.0" encoding="UTF-8"?>
<!-- Generated by org.testng.reporters.JUnitReportReporter -->
<testsuite hostname="amit" failures="0" tests="4" name="TestCase.Release13" time="55.313" errors="0" timestamp="2024-09-09T16:07:05 IST" skipped="0">
  <testcase classname="TestCase.Release13" name="login" time="30.948"/>
  <system-out/>
  <testcase classname="TestCase.Release13" name="PageObjectFactory" time="0.710"/>
  <system-out/>
  <testcase classname="TestCase.Release13" name="modifydata" time="13.247"/>
  <system-out/>
  <testcase classname="TestCase.Release13" name="Delete" time="10.408"/>
  <system-out/>
</testsuite> <!-- TestCase.Release13 -->
