<?xml version="1.0" encoding="UTF-8"?>
<!-- Generated by org.testng.reporters.JUnitReportReporter -->
<testsuite hostname="amit" failures="0" tests="1" name="MavenFrame.AppTest" time="0.005" errors="0" timestamp="2024-09-25T22:52:51 IST" skipped="0">
  <testcase classname="MavenFrame.AppTest" name="testApp" time="0.005"/>
  <system-out/>
</testsuite> <!-- MavenFrame.AppTest -->
