<?xml version="1.0" encoding="UTF-8"?>
<!-- Generated by org.testng.reporters.JUnitReportReporter -->
<testsuite hostname="amit" failures="0" tests="2" name="FirstTestng" time="0.028" errors="0" timestamp="2024-06-15T19:54:36 IST" skipped="0">
  <testcase classname="FirstTestng" name="login" time="0.024"/>
  <system-out/>
  <testcase classname="FirstTestng" name="setup" time="0.004"/>
  <system-out/>
</testsuite> <!-- FirstTestng -->
