<?xml version="1.0" encoding="UTF-8"?>
<!-- Generated by org.testng.reporters.JUnitReportReporter -->
<testsuite hostname="amit" failures="0" tests="2" name="TestProduct.PageFactoryLogin" time="35.636" errors="0" timestamp="2024-09-23T12:52:30 IST" skipped="0">
  <testcase classname="TestProduct.PageFactoryLogin" name="login" time="29.469"/>
  <system-out/>
  <testcase classname="TestProduct.PageFactoryLogin" name="data" time="6.167"/>
  <system-out/>
</testsuite> <!-- TestProduct.PageFactoryLogin -->
