<?xml version="1.0" encoding="UTF-8"?>
<!-- Generated by org.testng.reporters.JUnitReportReporter -->
<testsuite hostname="amit" failures="0" tests="2" name="listnerScenarios.Application" time="0.034" errors="0" timestamp="2024-09-16T16:08:27 IST" skipped="0">
  <testcase classname="listnerScenarios.Application" name="openapp" time="0.017"/>
  <system-out/>
  <testcase classname="listnerScenarios.Application" name="search" time="0.017"/>
  <system-out/>
</testsuite> <!-- listnerScenarios.Application -->
