<?xml version="1.0" encoding="UTF-8"?>
<!-- Generated by org.testng.reporters.JUnitReportReporter -->
<testsuite hostname="amit" failures="0" tests="1" name="TestngProgram.RuntimeLogin" time="73.645" errors="0" timestamp="2024-08-18T13:13:17 IST" skipped="0">
  <testcase classname="TestngProgram.RuntimeLogin" name="logintest" time="73.645"/>
  <system-out/>
</testsuite> <!-- TestngProgram.RuntimeLogin -->
