<?xml version="1.0" encoding="UTF-8"?>
<!-- Generated by org.testng.reporters.JUnitReportReporter -->
<testsuite hostname="amit" failures="0" tests="1" name="TestngProgram.Login" time="0.017" errors="0" timestamp="2024-06-08T17:18:18 IST" skipped="0">
  <testcase classname="TestngProgram.Login" name="login" time="0.017"/>
  <system-out/>
</testsuite> <!-- TestngProgram.Login -->
