<?xml version="1.0" encoding="UTF-8"?>
<!-- Generated by org.testng.reporters.JUnitReportReporter -->
<testsuite hostname="amit" failures="0" tests="1" name="TestCase.loginPage" time="42.069" errors="0" timestamp="2024-09-18T10:39:55 IST" skipped="0">
  <testcase classname="TestCase.loginPage" name="login" time="42.069"/>
  <system-out/>
</testsuite> <!-- TestCase.loginPage -->
