<?xml version="1.0" encoding="UTF-8"?>
<!-- Generated by org.testng.reporters.JUnitReportReporter -->
<testsuite hostname="amit" failures="0" tests="4" name="TestCase.OpenRegisterPage" time="33.337" errors="0" timestamp="2024-09-18T10:43:01 IST" skipped="0">
  <testcase classname="TestCase.OpenRegisterPage" name="Resister" time="28.620"/>
  <system-out/>
  <testcase classname="TestCase.OpenRegisterPage" name="login" time="1.061"/>
  <system-out/>
  <testcase classname="TestCase.OpenRegisterPage" name="Phone" time="1.827"/>
  <system-out/>
  <testcase classname="TestCase.OpenRegisterPage" name="cameras" time="1.829"/>
  <system-out/>
</testsuite> <!-- TestCase.OpenRegisterPage -->
