<?xml version="1.0" encoding="UTF-8"?>
<!-- Generated by org.testng.reporters.JUnitReportReporter -->
<testsuite hostname="amit" failures="0" tests="2" name="Mavenjava01.AppiumTest" time="0.015" errors="0" timestamp="2024-09-25T22:55:08 IST" skipped="0">
  <testcase classname="Mavenjava01.AppiumTest" name="Appiumlogin" time="0.001"/>
  <system-out/>
  <testcase classname="Mavenjava01.AppiumTest" name="Appium" time="0.014"/>
  <system-out/>
</testsuite> <!-- Mavenjava01.AppiumTest -->
