<?xml version="1.0" encoding="UTF-8"?>
<!-- Generated by org.testng.reporters.JUnitReportReporter -->
<testsuite hostname="amit" failures="0" tests="2" name="Mavenjava01.RestAPITest" time="0.002" errors="0" timestamp="2024-09-25T22:55:08 IST" skipped="0">
  <testcase classname="Mavenjava01.RestAPITest" name="RestAPIUI" time="0.002"/>
  <system-out/>
  <testcase classname="Mavenjava01.RestAPITest" name="Rest" time="0.000"/>
  <system-out/>
</testsuite> <!-- Mavenjava01.RestAPITest -->
