<?xml version="1.0" encoding="UTF-8"?>
<!-- Generated by org.testng.reporters.JUnitReportReporter -->
<testsuite hostname="amit" failures="0" tests="2" name="Axpert_TestNG.SimpleText" time="41.325" errors="0" timestamp="2024-05-05T12:15:25 IST" skipped="0">
  <testcase classname="Axpert_TestNG.SimpleText" name="SubmitRecord" time="0.016"/>
  <system-out/>
  <testcase classname="Axpert_TestNG.SimpleText" name="launch_Browser" time="41.309"/>
  <system-out/>
</testsuite> <!-- Axpert_TestNG.SimpleText -->
