<?xml version="1.0" encoding="UTF-8"?>
<!-- Generated by org.testng.reporters.JUnitReportReporter -->
<testsuite hostname="amit" failures="0" tests="2" name="Mavenjava01.RestAPITest" time="0.021" errors="0" timestamp="2024-09-07T15:21:32 IST" skipped="0">
  <testcase classname="Mavenjava01.RestAPITest" name="Rest" time="0.018"/>
  <system-out/>
  <testcase classname="Mavenjava01.RestAPITest" name="RestAPIUI" time="0.003"/>
  <system-out/>
</testsuite> <!-- Mavenjava01.RestAPITest -->
