<?xml version="1.0" encoding="UTF-8"?>
<!-- Generated by org.testng.reporters.JUnitReportReporter -->
<testsuite hostname="amit" failures="0" tests="2" name="Mavenjava01.RestAPI" time="0.020" errors="0" timestamp="2024-08-24T20:06:06 IST" skipped="0">
  <testcase classname="Mavenjava01.RestAPI" name="RestAPIUI" time="0.018"/>
  <system-out/>
  <testcase classname="Mavenjava01.RestAPI" name="Restbrowser" time="0.002"/>
  <system-out/>
</testsuite> <!-- Mavenjava01.RestAPI -->
