<?xml version="1.0" encoding="UTF-8"?>
<!-- Generated by org.testng.reporters.JUnitReportReporter -->
<testsuite hostname="amit" failures="0" tests="2" name="Mavenjava01.SeleniumTest" time="0.004" errors="0" timestamp="2024-08-25T11:38:42 IST" skipped="0">
  <testcase classname="Mavenjava01.SeleniumTest" name="Selenium" time="0.003"/>
  <system-out/>
  <testcase classname="Mavenjava01.SeleniumTest" name="SeleniumUI" time="0.001"/>
  <system-out/>
</testsuite> <!-- Mavenjava01.SeleniumTest -->
