<?xml version="1.0" encoding="UTF-8"?>
<!-- Generated by org.testng.reporters.JUnitReportReporter -->
<testsuite hostname="amit" failures="0" tests="2" name="Mavenjava01.AppiumTest" time="0.023" errors="0" timestamp="2024-08-25T11:38:42 IST" skipped="0">
  <testcase classname="Mavenjava01.AppiumTest" name="Appium" time="0.019"/>
  <system-out/>
  <testcase classname="Mavenjava01.AppiumTest" name="Appiumlogin" time="0.004"/>
  <system-out/>
</testsuite> <!-- Mavenjava01.AppiumTest -->
